This is pdfTeX, Version 3.14159265-2.6-1.40.21 (TeX Live 2020) (preloaded format=pdflatex 2020.4.7)  30 JAN 2023 17:53
entering extended mode
 restricted \write18 enabled.
 file:line:error style messages enabled.
 %&-line parsing enabled.
**BrownianIsWorstCase.tex
(./BrownianIsWorstCase.tex
LaTeX2e <2020-02-02> patch level 5
L3 programming layer <2020-03-06>
(/usr/local/texlive/2020/texmf-dist/tex/latex/base/article.cls
Document Class: article 2019/12/20 v1.4l Standard LaTeX document class
(/usr/local/texlive/2020/texmf-dist/tex/latex/base/size10.clo
File: size10.clo 2019/12/20 v1.4l Standard LaTeX file (size option)
)
\c@part=\count167
\c@section=\count168
\c@subsection=\count169
\c@subsubsection=\count170
\c@paragraph=\count171
\c@subparagraph=\count172
\c@figure=\count173
\c@table=\count174
\abovecaptionskip=\skip47
\belowcaptionskip=\skip48
\bibindent=\dimen134
)
(/usr/local/texlive/2020/texmf-dist/tex/latex/preprint/fullpage.sty
Package: fullpage 1999/02/23 1.1 (PWD)
\FP@margin=\skip49
)
(/usr/local/texlive/2020/texmf-dist/tex/latex/amsfonts/amsfonts.sty
Package: amsfonts 2013/01/14 v3.01 Basic AMSFonts support
\@emptytoks=\toks15
\symAMSa=\mathgroup4
\symAMSb=\mathgroup5
LaTeX Font Info:    Redeclaring math symbol \hbar on input line 98.
LaTeX Font Info:    Overwriting math alphabet `\mathfrak' in version `bold'
(Font)                  U/euf/m/n --> U/euf/b/n on input line 106.
)
(/usr/local/texlive/2020/texmf-dist/tex/latex/amsmath/amsmath.sty
Package: amsmath 2020/01/20 v2.17e AMS math features
\@mathmargin=\skip50

For additional information on amsmath, use the `?' option.
(/usr/local/texlive/2020/texmf-dist/tex/latex/amsmath/amstext.sty
Package: amstext 2000/06/29 v2.01 AMS text

(/usr/local/texlive/2020/texmf-dist/tex/latex/amsmath/amsgen.sty
File: amsgen.sty 1999/11/30 v2.0 generic functions
\@emptytoks=\toks16
\ex@=\dimen135
))
(/usr/local/texlive/2020/texmf-dist/tex/latex/amsmath/amsbsy.sty
Package: amsbsy 1999/11/29 v1.2d Bold Symbols
\pmbraise@=\dimen136
)
(/usr/local/texlive/2020/texmf-dist/tex/latex/amsmath/amsopn.sty
Package: amsopn 2016/03/08 v2.02 operator names
)
\inf@bad=\count175
LaTeX Info: Redefining \frac on input line 227.
\uproot@=\count176
\leftroot@=\count177
LaTeX Info: Redefining \overline on input line 389.
\classnum@=\count178
\DOTSCASE@=\count179
LaTeX Info: Redefining \ldots on input line 486.
LaTeX Info: Redefining \dots on input line 489.
LaTeX Info: Redefining \cdots on input line 610.
\Mathstrutbox@=\box45
\strutbox@=\box46
\big@size=\dimen137
LaTeX Font Info:    Redeclaring font encoding OML on input line 733.
LaTeX Font Info:    Redeclaring font encoding OMS on input line 734.
\macc@depth=\count180
\c@MaxMatrixCols=\count181
\dotsspace@=\muskip16
\c@parentequation=\count182
\dspbrk@lvl=\count183
\tag@help=\toks17
\row@=\count184
\column@=\count185
\maxfields@=\count186
\andhelp@=\toks18
\eqnshift@=\dimen138
\alignsep@=\dimen139
\tagshift@=\dimen140
\tagwidth@=\dimen141
\totwidth@=\dimen142
\lineht@=\dimen143
\@envbody=\toks19
\multlinegap=\skip51
\multlinetaggap=\skip52
\mathdisplay@stack=\toks20
LaTeX Info: Redefining \[ on input line 2859.
LaTeX Info: Redefining \] on input line 2860.
)
(/usr/local/texlive/2020/texmf-dist/tex/latex/amscls/amsthm.sty
Package: amsthm 2017/10/31 v2.20.4
\thm@style=\toks21
\thm@bodyfont=\toks22
\thm@headfont=\toks23
\thm@notefont=\toks24
\thm@headpunct=\toks25
\thm@preskip=\skip53
\thm@postskip=\skip54
\thm@headsep=\skip55
\dth@everypar=\toks26
)
(/usr/local/texlive/2020/texmf-dist/tex/latex/graphics/graphicx.sty
Package: graphicx 2019/11/30 v1.2a Enhanced LaTeX Graphics (DPC,SPQR)

(/usr/local/texlive/2020/texmf-dist/tex/latex/graphics/keyval.sty
Package: keyval 2014/10/28 v1.15 key=value parser (DPC)
\KV@toks@=\toks27
)
(/usr/local/texlive/2020/texmf-dist/tex/latex/graphics/graphics.sty
Package: graphics 2019/11/30 v1.4a Standard LaTeX Graphics (DPC,SPQR)

(/usr/local/texlive/2020/texmf-dist/tex/latex/graphics/trig.sty
Package: trig 2016/01/03 v1.10 sin cos tan (DPC)
)
(/usr/local/texlive/2020/texmf-dist/tex/latex/graphics-cfg/graphics.cfg
File: graphics.cfg 2016/06/04 v1.11 sample graphics configuration
)
Package graphics Info: Driver file: pdftex.def on input line 105.

(/usr/local/texlive/2020/texmf-dist/tex/latex/graphics-def/pdftex.def
File: pdftex.def 2018/01/08 v1.0l Graphics/color driver for pdftex
))
\Gin@req@height=\dimen144
\Gin@req@width=\dimen145
)
(./macros.tex (/usr/local/texlive/2020/texmf-dist/tex/latex/tools/bm.sty
Package: bm 2019/07/24 v1.2d Bold Symbol Support (DPC/FMi)
\symboldoperators=\mathgroup6
\symboldletters=\mathgroup7
\symboldsymbols=\mathgroup8
LaTeX Font Info:    Redeclaring math alphabet \mathbf on input line 141.
LaTeX Info: Redefining \bm on input line 209.
)
\c@lemma=\count187
\c@definition=\count188
\c@question=\count189
)
(/usr/local/texlive/2020/texmf-dist/tex/latex/l3backend/l3backend-pdfmode.def
File: l3backend-pdfmode.def 2020-03-12 L3 backend support: PDF mode
\l__kernel_color_stack_int=\count190
\l__pdf_internal_box=\box47
)
(./BrownianIsWorstCase.aux

LaTeX Warning: Label `eqn:learner-strat-cc' multiply defined.


LaTeX Warning: Label `eqn:deltat' multiply defined.

)
\openout1 = `BrownianIsWorstCase.aux'.

LaTeX Font Info:    Checking defaults for OML/cmm/m/it on input line 13.
LaTeX Font Info:    ... okay on input line 13.
LaTeX Font Info:    Checking defaults for OMS/cmsy/m/n on input line 13.
LaTeX Font Info:    ... okay on input line 13.
LaTeX Font Info:    Checking defaults for OT1/cmr/m/n on input line 13.
LaTeX Font Info:    ... okay on input line 13.
LaTeX Font Info:    Checking defaults for T1/cmr/m/n on input line 13.
LaTeX Font Info:    ... okay on input line 13.
LaTeX Font Info:    Checking defaults for TS1/cmr/m/n on input line 13.
LaTeX Font Info:    ... okay on input line 13.
LaTeX Font Info:    Checking defaults for OMX/cmex/m/n on input line 13.
LaTeX Font Info:    ... okay on input line 13.
LaTeX Font Info:    Checking defaults for U/cmr/m/n on input line 13.
LaTeX Font Info:    ... okay on input line 13.
 (/usr/local/texlive/2020/texmf-dist/tex/context/base/mkii/supp-pdf.mkii
[Loading MPS to PDF converter (version 2006.09.02).]
\scratchcounter=\count191
\scratchdimen=\dimen146
\scratchbox=\box48
\nofMPsegments=\count192
\nofMParguments=\count193
\everyMPshowfont=\toks28
\MPscratchCnt=\count194
\MPscratchDim=\dimen147
\MPnumerator=\count195
\makeMPintoPDFobject=\count196
\everyMPtoPDFconversion=\toks29
) (/usr/local/texlive/2020/texmf-dist/tex/latex/epstopdf-pkg/epstopdf-base.sty
Package: epstopdf-base 2020-01-24 v2.11 Base part for package epstopdf
Package epstopdf-base Info: Redefining graphics rule for `.eps' on input line 4
85.

(/usr/local/texlive/2020/texmf-dist/tex/latex/latexconfig/epstopdf-sys.cfg
File: epstopdf-sys.cfg 2010/07/13 v1.3 Configuration of (r)epstopdf for TeX Liv
e
))
LaTeX Font Info:    Trying to load font information for U+msa on input line 15.


(/usr/local/texlive/2020/texmf-dist/tex/latex/amsfonts/umsa.fd
File: umsa.fd 2013/01/14 v3.01 AMS symbols A
)
LaTeX Font Info:    Trying to load font information for U+msb on input line 15.


(/usr/local/texlive/2020/texmf-dist/tex/latex/amsfonts/umsb.fd
File: umsb.fd 2013/01/14 v3.01 AMS symbols B
)
Overfull \hbox (2.90585pt too wide) in paragraph at lines 55--56
[][] 
 []

[1

{/usr/local/texlive/2020/texmf-var/fonts/map/pdftex/updmap/pdftex.map}]
[2]
<OpenProblemFigure.pdf, id=26, 651.23936pt x 370.46986pt>
File: OpenProblemFigure.pdf Graphic file (type pdf)
<use OpenProblemFigure.pdf>
Package pdftex.def Info: OpenProblemFigure.pdf  used on input line 182.
(pdftex.def)             Requested size: 469.76645pt x 216.80595pt.

Overfull \hbox (2.90585pt too wide) in paragraph at lines 231--232
[][] 
 []

[3 <./OpenProblemFigure.pdf>] [4]

LaTeX Warning: Reference `thm:simulBoundAveragePot' on page 5 undefined on inpu
t line 310.


Underfull \hbox (badness 10000) in paragraph at lines 369--369

 []


Overfull \hbox (2.90585pt too wide) in paragraph at lines 369--370
[][] 
 []

[5] [6]
Underfull \hbox (badness 10000) in paragraph at lines 473--483

 []

[7] [8]
Underfull \hbox (badness 10000) in paragraph at lines 679--679

 []


Overfull \hbox (2.90585pt too wide) in paragraph at lines 679--680
[][] 
 []

[9] [10] [11] [12] [13]
Underfull \hbox (badness 10000) in paragraph at lines 1037--1038

 []

[14]

LaTeX Warning: Reference `sec:discrete-Time-Game' on page 15 undefined on input
 line 1130.


LaTeX Warning: Reference `sec:discrete-Time-Game' on page 15 undefined on input
 line 1154.


Overfull \hbox (2.90585pt too wide) in paragraph at lines 1199--1200
[][] 
 []

[15] [16]

LaTeX Warning: Reference `thm:simulBoundAveragePot' on page 17 undefined on inp
ut line 1313.

[17] (./BrownianIsWorstCase.bbl [18])

LaTeX Warning: Reference `thm:simulBoundAveragePot' on page 19 undefined on inp
ut line 1338.


Underfull \hbox (badness 10000) in paragraph at lines 1340--1341

 []


LaTeX Warning: Reference `eqn:4thOrderConvex' on page 19 undefined on input lin
e 1384.

[19]

LaTeX Warning: Reference `eqn:divdiff' on page 20 undefined on input line 1417.


[20]

LaTeX Font Warning: Command \tiny invalid in math mode on input line 1492.


LaTeX Font Warning: Command \tiny invalid in math mode on input line 1493.


LaTeX Font Warning: Command \tiny invalid in math mode on input line 1494.


LaTeX Font Warning: Command \tiny invalid in math mode on input line 1495.


LaTeX Font Warning: Command \tiny invalid in math mode on input line 1496.


LaTeX Font Warning: Command \tiny invalid in math mode on input line 1497.


LaTeX Font Warning: Command \tiny invalid in math mode on input line 1498.


LaTeX Font Warning: Command \tiny invalid in math mode on input line 1499.


LaTeX Font Warning: Command \tiny invalid in math mode on input line 1500.


Package amsmath Warning: Foreign command \atopwithdelims;
(amsmath)                \frac or \genfrac should be used instead
(amsmath)                 on input line 1514.

[21]

LaTeX Font Warning: Command \tiny invalid in math mode on input line 1552.


LaTeX Font Warning: Command \tiny invalid in math mode on input line 1553.


LaTeX Font Warning: Command \tiny invalid in math mode on input line 1554.


LaTeX Font Warning: Command \tiny invalid in math mode on input line 1555.


LaTeX Font Warning: Command \tiny invalid in math mode on input line 1556.


LaTeX Font Warning: Command \tiny invalid in math mode on input line 1557.


LaTeX Font Warning: Command \tiny invalid in math mode on input line 1558.


LaTeX Font Warning: Command \tiny invalid in math mode on input line 1559.


LaTeX Font Warning: Command \tiny invalid in math mode on input line 1560.


LaTeX Font Warning: Command \tiny invalid in math mode on input line 1581.


LaTeX Font Warning: Command \tiny invalid in math mode on input line 1582.


LaTeX Font Warning: Command \tiny invalid in math mode on input line 1583.


LaTeX Font Warning: Command \tiny invalid in math mode on input line 1584.


LaTeX Font Warning: Command \tiny invalid in math mode on input line 1585.


LaTeX Font Warning: Command \tiny invalid in math mode on input line 1586.


LaTeX Font Warning: Command \tiny invalid in math mode on input line 1587.


LaTeX Font Warning: Command \tiny invalid in math mode on input line 1588.

[22]

LaTeX Font Warning: Command \tiny invalid in math mode on input line 1621.


LaTeX Font Warning: Command \tiny invalid in math mode on input line 1622.


LaTeX Font Warning: Command \tiny invalid in math mode on input line 1624.


LaTeX Font Warning: Command \tiny invalid in math mode on input line 1625.


LaTeX Font Warning: Command \tiny invalid in math mode on input line 1626.

[23]

LaTeX Font Warning: Command \tiny invalid in math mode on input line 1633.


LaTeX Font Warning: Command \tiny invalid in math mode on input line 1635.


LaTeX Font Warning: Command \tiny invalid in math mode on input line 1653.


LaTeX Font Warning: Command \tiny invalid in math mode on input line 1656.


LaTeX Font Warning: Command \tiny invalid in math mode on input line 1675.


Underfull \hbox (badness 10000) in paragraph at lines 1669--1677

 []


Underfull \hbox (badness 10000) in paragraph at lines 1669--1677

 []

[24]

LaTeX Font Warning: Command \tiny invalid in math mode on input line 1679.


LaTeX Font Warning: Command \tiny invalid in math mode on input line 1680.


LaTeX Font Warning: Command \tiny invalid in math mode on input line 1689.


LaTeX Font Warning: Command \tiny invalid in math mode on input line 1691.


Underfull \hbox (badness 10000) in paragraph at lines 1700--1704

 []


Underfull \hbox (badness 10000) in paragraph at lines 1700--1704

 []


LaTeX Font Warning: Command \tiny invalid in math mode on input line 1707.


LaTeX Warning: Reference `eqn:SecondOrderDerivative' on page 25 undefined on in
put line 1710.

[25] (./BrownianIsWorstCase.aux)

LaTeX Warning: There were undefined references.


LaTeX Warning: There were multiply-defined labels.

 )
(\end occurred inside a group at level 1)

### simple group (level 1) entered at line 1419 ({)
### bottom level 
Here is how much of TeX's memory you used:
 2350 strings out of 480608
 32022 string characters out of 5903631
 284890 words of memory out of 5000000
 18204 multiletter control sequences out of 15000+600000
 548608 words of font info for 83 fonts, out of 8000000 for 9000
 1141 hyphenation exceptions out of 8191
 30i,16n,27p,331b,296s stack positions out of 5000i,500n,10000p,200000b,80000s
{/usr/local/texlive/2020/texmf-dist/fonts/enc/dvips/cm-super/cm
-super-ts1.enc}</usr/local/texlive/2020/texmf-dist/fonts/type1/public/amsfonts/
cm/cmbx10.pfb></usr/local/texlive/2020/texmf-dist/fonts/type1/public/amsfonts/c
m/cmbx12.pfb></usr/local/texlive/2020/texmf-dist/fonts/type1/public/amsfonts/cm
/cmbx7.pfb></usr/local/texlive/2020/texmf-dist/fonts/type1/public/amsfonts/cm/c
mbx9.pfb></usr/local/texlive/2020/texmf-dist/fonts/type1/public/amsfonts/cm/cme
x10.pfb></usr/local/texlive/2020/texmf-dist/fonts/type1/public/amsfonts/cmextra
/cmex9.pfb></usr/local/texlive/2020/texmf-dist/fonts/type1/public/amsfonts/cm/c
mmi10.pfb></usr/local/texlive/2020/texmf-dist/fonts/type1/public/amsfonts/cm/cm
mi5.pfb></usr/local/texlive/2020/texmf-dist/fonts/type1/public/amsfonts/cm/cmmi
6.pfb></usr/local/texlive/2020/texmf-dist/fonts/type1/public/amsfonts/cm/cmmi7.
pfb></usr/local/texlive/2020/texmf-dist/fonts/type1/public/amsfonts/cm/cmmi9.pf
b></usr/local/texlive/2020/texmf-dist/fonts/type1/public/amsfonts/cm/cmr10.pfb>
</usr/local/texlive/2020/texmf-dist/fonts/type1/public/amsfonts/cm/cmr12.pfb></
usr/local/texlive/2020/texmf-dist/fonts/type1/public/amsfonts/cm/cmr17.pfb></us
r/local/texlive/2020/texmf-dist/fonts/type1/public/amsfonts/cm/cmr5.pfb></usr/l
ocal/texlive/2020/texmf-dist/fonts/type1/public/amsfonts/cm/cmr6.pfb></usr/loca
l/texlive/2020/texmf-dist/fonts/type1/public/amsfonts/cm/cmr7.pfb></usr/local/t
exlive/2020/texmf-dist/fonts/type1/public/amsfonts/cm/cmr8.pfb></usr/local/texl
ive/2020/texmf-dist/fonts/type1/public/amsfonts/cm/cmr9.pfb></usr/local/texlive
/2020/texmf-dist/fonts/type1/public/amsfonts/cm/cmsy10.pfb></usr/local/texlive/
2020/texmf-dist/fonts/type1/public/amsfonts/cm/cmsy5.pfb></usr/local/texlive/20
20/texmf-dist/fonts/type1/public/amsfonts/cm/cmsy6.pfb></usr/local/texlive/2020
/texmf-dist/fonts/type1/public/amsfonts/cm/cmsy7.pfb></usr/local/texlive/2020/t
exmf-dist/fonts/type1/public/amsfonts/cm/cmsy9.pfb></usr/local/texlive/2020/tex
mf-dist/fonts/type1/public/amsfonts/cm/cmti10.pfb></usr/local/texlive/2020/texm
f-dist/fonts/type1/public/amsfonts/symbols/msbm10.pfb></usr/local/texlive/2020/
texmf-dist/fonts/type1/public/amsfonts/symbols/msbm7.pfb></usr/local/texlive/20
20/texmf-dist/fonts/type1/public/cm-super/sfrm1000.pfb>
Output written on BrownianIsWorstCase.pdf (25 pages, 542027 bytes).
PDF statistics:
 320 PDF objects out of 1000 (max. 8388607)
 206 compressed objects within 3 object streams
 0 named destinations out of 1000 (max. 500000)
 6 words of extra memory for PDF output out of 10000 (max. 10000000)

